<?xml version="1.0" encoding="utf-8"?><testsuites name="pytest tests"><testsuite name="pytest" errors="0" failures="0" skipped="0" tests="22" time="17.568" timestamp="2026-05-13T00:53:54.472629+00:00" hostname="agent-env-e4559b3b-1df1-4c6f-83a7-2025195ca7e2"><testcase classname="backend.tests.test_ssb_api.TestAuth" name="test_login_admin_role" time="0.927" /><testcase classname="backend.tests.test_ssb_api.TestAuth" name="test_login_coach_role" time="0.851" /><testcase classname="backend.tests.test_ssb_api.TestAuth" name="test_login_parent_role" time="0.840" /><testcase classname="backend.tests.test_ssb_api.TestAuth" name="test_login_invalid_creds" time="0.818" /><testcase classname="backend.tests.test_ssb_api.TestAuth" name="test_signup_creates_parent" time="0.861" /><testcase classname="backend.tests.test_ssb_api.TestAuth" name="test_me_with_token" time="1.233" /><testcase classname="backend.tests.test_ssb_api.TestAuth" name="test_no_token_returns_401" time="1.859" /><testcase classname="backend.tests.test_ssb_api.TestStudents" name="test_list_students_admin" time="0.272" /><testcase classname="backend.tests.test_ssb_api.TestStudents" name="test_list_students_parent_filtered" time="1.074" /><testcase classname="backend.tests.test_ssb_api.TestStudents" name="test_create_student_as_coach" time="1.589" /><testcase classname="backend.tests.test_ssb_api.TestStudents" name="test_create_student_as_parent_forbidden" time="0.455" /><testcase classname="backend.tests.test_ssb_api.TestSessions" name="test_list_sessions" time="0.403" /><testcase classname="backend.tests.test_ssb_api.TestSessions" name="test_create_session_as_coach" time="0.470" /><testcase classname="backend.tests.test_ssb_api.TestSessions" name="test_mark_attendance_upsert" time="0.966" /><testcase classname="backend.tests.test_ssb_api.TestRatings" name="test_create_rating" time="0.693" /><testcase classname="backend.tests.test_ssb_api.TestRatings" name="test_rating_validation" time="0.692" /><testcase classname="backend.tests.test_ssb_api.TestPayments" name="test_create_payment_as_coach" time="0.595" /><testcase classname="backend.tests.test_ssb_api.TestPayments" name="test_parent_sees_only_own_payments" time="0.931" /><testcase classname="backend.tests.test_ssb_api.TestAnnouncements" name="test_create_announcement" time="0.333" /><testcase classname="backend.tests.test_ssb_api.TestAnnouncements" name="test_list_announcements" time="0.277" /><testcase classname="backend.tests.test_ssb_api.TestMatches" name="test_create_and_update_match" time="0.610" /><testcase classname="backend.tests.test_ssb_api.TestStats" name="test_stats_shape" time="0.317" /></testsuite></testsuites>