<?xml version="1.0" encoding="utf-8"?><testsuites name="pytest tests"><testsuite name="pytest" errors="0" failures="0" skipped="0" tests="38" time="21.929" timestamp="2026-05-13T01:46:37.460888+00:00" hostname="agent-env-e4559b3b-1df1-4c6f-83a7-2025195ca7e2"><testcase classname="backend.tests.test_notifications_permissions.TestNotifications" name="test_list_returns_list" time="2.171" /><testcase classname="backend.tests.test_notifications_permissions.TestNotifications" name="test_unread_count_shape" time="0.212" /><testcase classname="backend.tests.test_notifications_permissions.TestNotifications" name="test_read_all_zeroes_count" time="0.429" /><testcase classname="backend.tests.test_notifications_permissions.TestAttendanceNotifiesParent" name="test_marking_attendance_for_parent_child_creates_notification" time="1.405" /><testcase classname="backend.tests.test_notifications_permissions.TestPaymentNotifiesParent" name="test_payment_creates_parent_notification" time="1.105" /><testcase classname="backend.tests.test_notifications_permissions.TestAnnouncementBroadcast" name="test_announcement_broadcasts_to_parent_role" time="1.186" /><testcase classname="backend.tests.test_notifications_permissions.TestPermissions" name="test_parent_creates_permission_for_own_child_sick_creates_attendance_sick" time="1.187" /><testcase classname="backend.tests.test_notifications_permissions.TestPermissions" name="test_parent_creates_permission_excused_marks_absent" time="0.623" /><testcase classname="backend.tests.test_notifications_permissions.TestPermissions" name="test_parent_cannot_create_for_other_child" time="0.406" /><testcase classname="backend.tests.test_notifications_permissions.TestPermissions" name="test_parent_list_only_own" time="0.187" /><testcase classname="backend.tests.test_notifications_permissions.TestPermissions" name="test_coach_lists_all" time="0.170" /><testcase classname="backend.tests.test_notifications_permissions.TestPermissions" name="test_coach_approve_notifies_parent" time="1.179" /><testcase classname="backend.tests.test_notifications_permissions.TestPermissions" name="test_parent_cannot_approve" time="0.537" /><testcase classname="backend.tests.test_notifications_permissions.TestStudentPhotoUpdate" name="test_coach_can_update_any_student_photo" time="0.183" /><testcase classname="backend.tests.test_notifications_permissions.TestStudentPhotoUpdate" name="test_parent_can_update_own_child_photo" time="0.333" /><testcase classname="backend.tests.test_notifications_permissions.TestStudentPhotoUpdate" name="test_parent_cannot_update_other_child" time="0.162" /><testcase classname="backend.tests.test_ssb_api.TestAuth" name="test_login_admin_role" time="0.513" /><testcase classname="backend.tests.test_ssb_api.TestAuth" name="test_login_coach_role" time="0.500" /><testcase classname="backend.tests.test_ssb_api.TestAuth" name="test_login_parent_role" time="0.510" /><testcase classname="backend.tests.test_ssb_api.TestAuth" name="test_login_invalid_creds" time="0.560" /><testcase classname="backend.tests.test_ssb_api.TestAuth" name="test_signup_creates_parent" time="0.519" /><testcase classname="backend.tests.test_ssb_api.TestAuth" name="test_me_with_token" time="0.671" /><testcase classname="backend.tests.test_ssb_api.TestAuth" name="test_no_token_returns_401" time="1.283" /><testcase classname="backend.tests.test_ssb_api.TestStudents" name="test_list_students_admin" time="0.177" /><testcase classname="backend.tests.test_ssb_api.TestStudents" name="test_list_students_parent_filtered" time="0.716" /><testcase classname="backend.tests.test_ssb_api.TestStudents" name="test_create_student_as_coach" time="0.890" /><testcase classname="backend.tests.test_ssb_api.TestStudents" name="test_create_student_as_parent_forbidden" time="0.190" /><testcase classname="backend.tests.test_ssb_api.TestSessions" name="test_list_sessions" time="0.202" /><testcase classname="backend.tests.test_ssb_api.TestSessions" name="test_create_session_as_coach" time="0.189" /><testcase classname="backend.tests.test_ssb_api.TestSessions" name="test_mark_attendance_upsert" time="0.561" /><testcase classname="backend.tests.test_ssb_api.TestRatings" name="test_create_rating" time="0.356" /><testcase classname="backend.tests.test_ssb_api.TestRatings" name="test_rating_validation" time="0.359" /><testcase classname="backend.tests.test_ssb_api.TestPayments" name="test_create_payment_as_coach" time="0.350" /><testcase classname="backend.tests.test_ssb_api.TestPayments" name="test_parent_sees_only_own_payments" time="0.595" /><testcase classname="backend.tests.test_ssb_api.TestAnnouncements" name="test_create_announcement" time="0.210" /><testcase classname="backend.tests.test_ssb_api.TestAnnouncements" name="test_list_announcements" time="0.154" /><testcase classname="backend.tests.test_ssb_api.TestMatches" name="test_create_and_update_match" time="0.360" /><testcase classname="backend.tests.test_ssb_api.TestStats" name="test_stats_shape" time="0.153" /></testsuite></testsuites>